2022-04-30-14:37:27.018 INFO [main]-org.springframework.boot.StartupInfoLogger:55>>Starting ApiApplication using Java 1.8.0_302 on DESKTOP-QBTMJA4 with PID 5080 (E:\AllJava\sgmall\api\target\classes started by 粟小蓬 in E:\AllJava\sgmall)
2022-04-30-14:37:27.018 INFO [main]-org.springframework.boot.SpringApplication:659>>No active profile set, falling back to default profiles: default
2022-04-30-14:37:27.768 INFO [main]-org.springframework.data.repository.config.RepositoryConfigurationDelegate:262>>Multiple Spring Data modules found, entering strict repository configuration mode!
2022-04-30-14:37:27.768 INFO [main]-org.springframework.data.repository.config.RepositoryConfigurationDelegate:132>>Bootstrapping Spring Data Redis repositories in DEFAULT mode.
2022-04-30-14:37:27.807 INFO [main]-org.springframework.data.repository.config.RepositoryConfigurationDelegate:201>>Finished Spring Data repository scanning in 19 ms. Found 0 Redis repository interfaces.
2022-04-30-14:37:27.898 WARN [main]-org.mybatis.logging.Logger:44>>No MyBatis mapper was found in '[com.sxp]' package. Please check your configuration.
2022-04-30-14:37:28.226 INFO [main]-org.springframework.boot.web.embedded.tomcat.TomcatWebServer:108>>Tomcat initialized with port(s): 8080 (http)
2022-04-30-14:37:28.227 INFO [main]-org.apache.juli.logging.DirectJDKLog:173>>Initializing ProtocolHandler ["http-nio-8080"]
2022-04-30-14:37:28.227 INFO [main]-org.apache.juli.logging.DirectJDKLog:173>>Starting service [Tomcat]
2022-04-30-14:37:28.227 INFO [main]-org.apache.juli.logging.DirectJDKLog:173>>Starting Servlet engine: [Apache Tomcat/9.0.46]
2022-04-30-14:37:28.297 INFO [main]-org.apache.juli.logging.DirectJDKLog:173>>Initializing Spring embedded WebApplicationContext
2022-04-30-14:37:28.297 INFO [main]-org.springframework.boot.web.servlet.context.ServletWebServerApplicationContext:290>>Root WebApplicationContext: initialization completed in 1224 ms
2022-04-30-14:37:29.526 INFO [main]-com.alibaba.druid.spring.boot.autoconfigure.DruidDataSourceAutoConfigure:56>>Init DruidDataSource
2022-04-30-14:37:29.607 INFO [main]-com.alibaba.druid.pool.DruidDataSource:998>>{dataSource-1} inited
2022-04-30-14:37:30.148 INFO [main]-org.redisson.Version:41>>Redisson 3.12.0
2022-04-30-14:37:30.927 INFO [redisson-netty-4-10]-org.redisson.connection.pool.ConnectionPool$1:168>>1 connections initialized for 47.113.202.125/47.113.202.125:6379
2022-04-30-14:37:30.997 INFO [redisson-netty-4-19]-org.redisson.connection.pool.ConnectionPool$1:168>>24 connections initialized for 47.113.202.125/47.113.202.125:6379
2022-04-30-14:37:31.397 INFO [main]-springfox.documentation.spring.web.PropertySourcedRequestMappingHandlerMapping:69>>Mapped URL path [/v2/api-docs] onto method [springfox.documentation.swagger2.web.Swagger2Controller#getDocumentation(String, HttpServletRequest)]
2022-04-30-14:37:31.528 INFO [main]-tk.mybatis.mapper.autoconfigure.MapperCacheDisabler:60>>Clear tk.mybatis.mapper.util.MsUtil CLASS_CACHE cache.
2022-04-30-14:37:31.536 INFO [main]-tk.mybatis.mapper.autoconfigure.MapperCacheDisabler:60>>Clear tk.mybatis.mapper.genid.GenIdUtil CACHE cache.
2022-04-30-14:37:31.537 INFO [main]-tk.mybatis.mapper.autoconfigure.MapperCacheDisabler:60>>Clear tk.mybatis.mapper.version.VersionUtil CACHE cache.
2022-04-30-14:37:31.537 INFO [main]-tk.mybatis.mapper.autoconfigure.MapperCacheDisabler:83>>Clear EntityHelper entityTableMap cache.
2022-04-30-14:37:32.879 INFO [main]-org.quartz.impl.StdSchedulerFactory:1220>>Using default implementation for ThreadExecutor
2022-04-30-14:37:32.886 INFO [main]-org.quartz.core.SchedulerSignalerImpl:61>>Initialized Scheduler Signaller of type: class org.quartz.core.SchedulerSignalerImpl
2022-04-30-14:37:32.886 INFO [main]-org.quartz.core.QuartzScheduler:229>>Quartz Scheduler v.2.3.2 created.
2022-04-30-14:37:32.887 INFO [main]-org.quartz.simpl.RAMJobStore:155>>RAMJobStore initialized.
2022-04-30-14:37:32.887 INFO [main]-org.quartz.core.QuartzScheduler:294>>Scheduler meta-data: Quartz Scheduler (v2.3.2) 'quartzScheduler' with instanceId 'NON_CLUSTERED'
  Scheduler class: 'org.quartz.core.QuartzScheduler' - running locally.
  NOT STARTED.
  Currently in standby mode.
  Number of jobs executed: 0
  Using thread pool 'org.quartz.simpl.SimpleThreadPool' - with 10 threads.
  Using job-store 'org.quartz.simpl.RAMJobStore' - which does not support persistence. and is not clustered.

2022-04-30-14:37:32.887 INFO [main]-org.quartz.impl.StdSchedulerFactory:1374>>Quartz scheduler 'quartzScheduler' initialized from an externally provided properties instance.
2022-04-30-14:37:32.887 INFO [main]-org.quartz.impl.StdSchedulerFactory:1378>>Quartz scheduler version: 2.3.2
2022-04-30-14:37:32.887 INFO [main]-org.quartz.core.QuartzScheduler:2293>>JobFactory set to: org.springframework.scheduling.quartz.SpringBeanJobFactory@68e24e7
2022-04-30-14:37:32.917 INFO [main]-org.apache.juli.logging.DirectJDKLog:173>>Starting ProtocolHandler ["http-nio-8080"]
2022-04-30-14:37:32.926 INFO [main]-org.springframework.boot.web.embedded.tomcat.TomcatWebServer:220>>Tomcat started on port(s): 8080 (http) with context path ''
2022-04-30-14:37:32.926 INFO [main]-springfox.documentation.spring.web.plugins.DocumentationPluginsBootstrapper:160>>Context refreshed
2022-04-30-14:37:32.948 INFO [main]-springfox.documentation.spring.web.plugins.DocumentationPluginsBootstrapper:163>>Found 1 custom documentation plugin(s)
2022-04-30-14:37:33.087 INFO [main]-springfox.documentation.spring.web.scanners.ApiListingReferenceScanner:41>>Scanning for api listing references
2022-04-30-14:37:33.217 INFO [main]-org.springframework.scheduling.quartz.SchedulerFactoryBean:727>>Starting Quartz Scheduler now
2022-04-30-14:37:33.217 INFO [main]-org.quartz.core.QuartzScheduler:547>>Scheduler quartzScheduler_$_NON_CLUSTERED started.
2022-04-30-14:37:33.228 INFO [main]-org.springframework.boot.StartupInfoLogger:61>>Started ApiApplication in 6.706 seconds (JVM running for 8.008)
2022-04-30-14:37:38.734 INFO [http-nio-8080-exec-2]-org.apache.juli.logging.DirectJDKLog:173>>Initializing Spring DispatcherServlet 'dispatcherServlet'
2022-04-30-14:37:38.734 INFO [http-nio-8080-exec-2]-org.springframework.web.servlet.FrameworkServlet:525>>Initializing Servlet 'dispatcherServlet'
2022-04-30-14:37:38.735 INFO [http-nio-8080-exec-2]-org.springframework.web.servlet.FrameworkServlet:547>>Completed initialization in 1 ms
