2022-04-26-20:01:12.666 INFO [SpringApplicationShutdownHook]-org.quartz.core.QuartzScheduler:585>>Scheduler quartzScheduler_$_NON_CLUSTERED paused.
2022-04-26-20:01:13.270 INFO [SpringApplicationShutdownHook]-org.springframework.scheduling.quartz.SchedulerFactoryBean:845>>Shutting down Quartz Scheduler
2022-04-26-20:01:13.270 INFO [SpringApplicationShutdownHook]-org.quartz.core.QuartzScheduler:666>>Scheduler quartzScheduler_$_NON_CLUSTERED shutting down.
2022-04-26-20:01:13.270 INFO [SpringApplicationShutdownHook]-org.quartz.core.QuartzScheduler:585>>Scheduler quartzScheduler_$_NON_CLUSTERED paused.
2022-04-26-20:01:13.270 INFO [SpringApplicationShutdownHook]-org.quartz.core.QuartzScheduler:740>>Scheduler quartzScheduler_$_NON_CLUSTERED shutdown complete.
2022-04-26-20:01:13.270 INFO [SpringApplicationShutdownHook]-com.alibaba.druid.pool.DruidDataSource:2071>>{dataSource-1} closing ...
2022-04-26-20:01:13.270 INFO [SpringApplicationShutdownHook]-com.alibaba.druid.pool.DruidDataSource:2144>>{dataSource-1} closed
2022-04-26-20:01:18.237 INFO [main]-org.springframework.boot.StartupInfoLogger:55>>Starting ApiApplication using Java 1.8.0_302 on DESKTOP-QBTMJA4 with PID 21576 (E:\AllJava\sgmall\api\target\classes started by 粟小蓬 in E:\AllJava\sgmall)
2022-04-26-20:01:18.239 INFO [main]-org.springframework.boot.SpringApplication:659>>No active profile set, falling back to default profiles: default
2022-04-26-20:01:19.111 INFO [main]-org.springframework.data.repository.config.RepositoryConfigurationDelegate:262>>Multiple Spring Data modules found, entering strict repository configuration mode!
2022-04-26-20:01:19.118 INFO [main]-org.springframework.data.repository.config.RepositoryConfigurationDelegate:132>>Bootstrapping Spring Data Redis repositories in DEFAULT mode.
2022-04-26-20:01:19.149 INFO [main]-org.springframework.data.repository.config.RepositoryConfigurationDelegate:201>>Finished Spring Data repository scanning in 20 ms. Found 0 Redis repository interfaces.
2022-04-26-20:01:19.265 WARN [main]-org.mybatis.logging.Logger:44>>No MyBatis mapper was found in '[com.sxp]' package. Please check your configuration.
2022-04-26-20:01:19.667 INFO [main]-org.springframework.boot.web.embedded.tomcat.TomcatWebServer:108>>Tomcat initialized with port(s): 8080 (http)
2022-04-26-20:01:19.683 INFO [main]-org.apache.juli.logging.DirectJDKLog:173>>Initializing ProtocolHandler ["http-nio-8080"]
2022-04-26-20:01:19.683 INFO [main]-org.apache.juli.logging.DirectJDKLog:173>>Starting service [Tomcat]
2022-04-26-20:01:19.683 INFO [main]-org.apache.juli.logging.DirectJDKLog:173>>Starting Servlet engine: [Apache Tomcat/9.0.46]
2022-04-26-20:01:19.752 INFO [main]-org.apache.juli.logging.DirectJDKLog:173>>Initializing Spring embedded WebApplicationContext
2022-04-26-20:01:19.752 INFO [main]-org.springframework.boot.web.servlet.context.ServletWebServerApplicationContext:290>>Root WebApplicationContext: initialization completed in 1466 ms
2022-04-26-20:01:20.008 INFO [main]-com.alibaba.druid.spring.boot.autoconfigure.DruidDataSourceAutoConfigure:56>>Init DruidDataSource
2022-04-26-20:01:20.107 INFO [main]-com.alibaba.druid.pool.DruidDataSource:998>>{dataSource-1} inited
2022-04-26-20:01:20.976 INFO [main]-springfox.documentation.spring.web.PropertySourcedRequestMappingHandlerMapping:69>>Mapped URL path [/v2/api-docs] onto method [springfox.documentation.swagger2.web.Swagger2Controller#getDocumentation(String, HttpServletRequest)]
2022-04-26-20:01:21.140 INFO [main]-tk.mybatis.mapper.autoconfigure.MapperCacheDisabler:60>>Clear tk.mybatis.mapper.util.MsUtil CLASS_CACHE cache.
2022-04-26-20:01:21.156 INFO [main]-tk.mybatis.mapper.autoconfigure.MapperCacheDisabler:60>>Clear tk.mybatis.mapper.genid.GenIdUtil CACHE cache.
2022-04-26-20:01:21.156 INFO [main]-tk.mybatis.mapper.autoconfigure.MapperCacheDisabler:60>>Clear tk.mybatis.mapper.version.VersionUtil CACHE cache.
2022-04-26-20:01:21.156 INFO [main]-tk.mybatis.mapper.autoconfigure.MapperCacheDisabler:83>>Clear EntityHelper entityTableMap cache.
2022-04-26-20:01:22.307 INFO [main]-org.quartz.impl.StdSchedulerFactory:1220>>Using default implementation for ThreadExecutor
2022-04-26-20:01:22.307 INFO [main]-org.quartz.core.SchedulerSignalerImpl:61>>Initialized Scheduler Signaller of type: class org.quartz.core.SchedulerSignalerImpl
2022-04-26-20:01:22.307 INFO [main]-org.quartz.core.QuartzScheduler:229>>Quartz Scheduler v.2.3.2 created.
2022-04-26-20:01:22.307 INFO [main]-org.quartz.simpl.RAMJobStore:155>>RAMJobStore initialized.
2022-04-26-20:01:22.307 INFO [main]-org.quartz.core.QuartzScheduler:294>>Scheduler meta-data: Quartz Scheduler (v2.3.2) 'quartzScheduler' with instanceId 'NON_CLUSTERED'
  Scheduler class: 'org.quartz.core.QuartzScheduler' - running locally.
  NOT STARTED.
  Currently in standby mode.
  Number of jobs executed: 0
  Using thread pool 'org.quartz.simpl.SimpleThreadPool' - with 10 threads.
  Using job-store 'org.quartz.simpl.RAMJobStore' - which does not support persistence. and is not clustered.

2022-04-26-20:01:22.307 INFO [main]-org.quartz.impl.StdSchedulerFactory:1374>>Quartz scheduler 'quartzScheduler' initialized from an externally provided properties instance.
2022-04-26-20:01:22.307 INFO [main]-org.quartz.impl.StdSchedulerFactory:1378>>Quartz scheduler version: 2.3.2
2022-04-26-20:01:22.307 INFO [main]-org.quartz.core.QuartzScheduler:2293>>JobFactory set to: org.springframework.scheduling.quartz.SpringBeanJobFactory@9690008
2022-04-26-20:01:22.357 INFO [main]-org.apache.juli.logging.DirectJDKLog:173>>Starting ProtocolHandler ["http-nio-8080"]
2022-04-26-20:01:22.373 INFO [main]-org.springframework.boot.web.embedded.tomcat.TomcatWebServer:220>>Tomcat started on port(s): 8080 (http) with context path ''
2022-04-26-20:01:22.373 INFO [main]-springfox.documentation.spring.web.plugins.DocumentationPluginsBootstrapper:160>>Context refreshed
2022-04-26-20:01:22.388 INFO [main]-springfox.documentation.spring.web.plugins.DocumentationPluginsBootstrapper:163>>Found 1 custom documentation plugin(s)
2022-04-26-20:01:22.404 INFO [main]-springfox.documentation.spring.web.scanners.ApiListingReferenceScanner:41>>Scanning for api listing references
2022-04-26-20:01:22.542 INFO [main]-org.springframework.scheduling.quartz.SchedulerFactoryBean:727>>Starting Quartz Scheduler now
2022-04-26-20:01:22.542 INFO [main]-org.quartz.core.QuartzScheduler:547>>Scheduler quartzScheduler_$_NON_CLUSTERED started.
2022-04-26-20:01:22.558 INFO [main]-org.springframework.boot.StartupInfoLogger:61>>Started ApiApplication in 4.826 seconds (JVM running for 6.246)
2022-04-26-20:01:27.201 INFO [http-nio-8080-exec-1]-org.apache.juli.logging.DirectJDKLog:173>>Initializing Spring DispatcherServlet 'dispatcherServlet'
2022-04-26-20:01:27.202 INFO [http-nio-8080-exec-1]-org.springframework.web.servlet.FrameworkServlet:525>>Initializing Servlet 'dispatcherServlet'
2022-04-26-20:01:27.203 INFO [http-nio-8080-exec-1]-org.springframework.web.servlet.FrameworkServlet:547>>Completed initialization in 1 ms
2022-04-26-20:02:30.015 INFO [http-nio-8080-exec-8]-com.sxp.controller.UserController:56>>登陆验证打印
2022-04-26-20:04:35.648 WARN [http-nio-8080-exec-8]-com.alibaba.druid.pool.DruidAbstractDataSource:1494>>discard long time none received connection. , jdbcUrl : jdbc:mysql://47.113.202.125:3306/sgmall?Unicode=true&characterEncoding=utf-8&useSSL=true&serverTimezone=UTC, version : 1.2.8, lastPacketReceivedIdleMillis : 74858
2022-04-26-20:04:35.648 WARN [http-nio-8080-exec-10]-com.alibaba.druid.pool.DruidAbstractDataSource:1494>>discard long time none received connection. , jdbcUrl : jdbc:mysql://47.113.202.125:3306/sgmall?Unicode=true&characterEncoding=utf-8&useSSL=true&serverTimezone=UTC, version : 1.2.8, lastPacketReceivedIdleMillis : 75924
2022-04-26-20:06:02.948 WARN [scheduling-1]-com.alibaba.druid.pool.DruidAbstractDataSource:1494>>discard long time none received connection. , jdbcUrl : jdbc:mysql://47.113.202.125:3306/sgmall?Unicode=true&characterEncoding=utf-8&useSSL=true&serverTimezone=UTC, version : 1.2.8, lastPacketReceivedIdleMillis : 62897
2022-04-26-20:06:03.001 WARN [scheduling-1]-com.alibaba.druid.pool.DruidAbstractDataSource:1494>>discard long time none received connection. , jdbcUrl : jdbc:mysql://47.113.202.125:3306/sgmall?Unicode=true&characterEncoding=utf-8&useSSL=true&serverTimezone=UTC, version : 1.2.8, lastPacketReceivedIdleMillis : 86096
2022-04-26-20:08:19.803 INFO [SpringApplicationShutdownHook]-org.quartz.core.QuartzScheduler:585>>Scheduler quartzScheduler_$_NON_CLUSTERED paused.
2022-04-26-20:08:20.440 INFO [SpringApplicationShutdownHook]-org.springframework.scheduling.quartz.SchedulerFactoryBean:845>>Shutting down Quartz Scheduler
2022-04-26-20:08:20.440 INFO [SpringApplicationShutdownHook]-org.quartz.core.QuartzScheduler:666>>Scheduler quartzScheduler_$_NON_CLUSTERED shutting down.
2022-04-26-20:08:20.440 INFO [SpringApplicationShutdownHook]-org.quartz.core.QuartzScheduler:585>>Scheduler quartzScheduler_$_NON_CLUSTERED paused.
2022-04-26-20:08:20.440 INFO [SpringApplicationShutdownHook]-org.quartz.core.QuartzScheduler:740>>Scheduler quartzScheduler_$_NON_CLUSTERED shutdown complete.
2022-04-26-20:08:20.455 INFO [SpringApplicationShutdownHook]-com.alibaba.druid.pool.DruidDataSource:2071>>{dataSource-1} closing ...
2022-04-26-20:08:20.455 INFO [SpringApplicationShutdownHook]-com.alibaba.druid.pool.DruidDataSource:2144>>{dataSource-1} closed
