2022-05-02-14:49:44.156 INFO [main]-org.springframework.boot.StartupInfoLogger:55>>Starting ApiTest using Java 1.8.0_302 on DESKTOP-QBTMJA4 with PID 25180 (started by 粟小蓬 in E:\AllJava\sgmall\api)
2022-05-02-14:49:44.158 INFO [main]-org.springframework.boot.SpringApplication:659>>No active profile set, falling back to default profiles: default
2022-05-02-14:49:45.047 INFO [main]-org.springframework.data.repository.config.RepositoryConfigurationDelegate:262>>Multiple Spring Data modules found, entering strict repository configuration mode!
2022-05-02-14:49:45.047 INFO [main]-org.springframework.data.repository.config.RepositoryConfigurationDelegate:132>>Bootstrapping Spring Data Elasticsearch repositories in DEFAULT mode.
2022-05-02-14:49:45.077 INFO [main]-org.springframework.data.repository.config.RepositoryConfigurationDelegate:201>>Finished Spring Data repository scanning in 21 ms. Found 0 Elasticsearch repository interfaces.
2022-05-02-14:49:45.077 INFO [main]-org.springframework.data.repository.config.RepositoryConfigurationDelegate:262>>Multiple Spring Data modules found, entering strict repository configuration mode!
2022-05-02-14:49:45.077 INFO [main]-org.springframework.data.repository.config.RepositoryConfigurationDelegate:132>>Bootstrapping Spring Data Reactive Elasticsearch repositories in DEFAULT mode.
2022-05-02-14:49:45.087 INFO [main]-org.springframework.data.repository.config.RepositoryConfigurationDelegate:201>>Finished Spring Data repository scanning in 8 ms. Found 0 Reactive Elasticsearch repository interfaces.
2022-05-02-14:49:45.097 INFO [main]-org.springframework.data.repository.config.RepositoryConfigurationDelegate:262>>Multiple Spring Data modules found, entering strict repository configuration mode!
2022-05-02-14:49:45.097 INFO [main]-org.springframework.data.repository.config.RepositoryConfigurationDelegate:132>>Bootstrapping Spring Data Redis repositories in DEFAULT mode.
2022-05-02-14:49:45.115 INFO [main]-org.springframework.data.repository.config.RepositoryConfigurationDelegate:201>>Finished Spring Data repository scanning in 5 ms. Found 0 Redis repository interfaces.
2022-05-02-14:49:45.216 WARN [main]-org.mybatis.logging.Logger:44>>No MyBatis mapper was found in '[com.sxp]' package. Please check your configuration.
2022-05-02-14:49:47.106 INFO [main]-com.alibaba.druid.spring.boot.autoconfigure.DruidDataSourceAutoConfigure:56>>Init DruidDataSource
2022-05-02-14:49:47.268 INFO [main]-com.alibaba.druid.pool.DruidDataSource:998>>{dataSource-1} inited
2022-05-02-14:49:48.636 INFO [main]-org.redisson.Version:41>>Redisson 3.12.0
2022-05-02-14:49:49.373 INFO [redisson-netty-4-8]-org.redisson.connection.pool.ConnectionPool$1:168>>1 connections initialized for 47.113.202.125/47.113.202.125:6379
2022-05-02-14:49:49.390 INFO [redisson-netty-4-18]-org.redisson.connection.pool.ConnectionPool$1:168>>24 connections initialized for 47.113.202.125/47.113.202.125:6379
2022-05-02-14:49:50.097 INFO [main]-springfox.documentation.spring.web.PropertySourcedRequestMappingHandlerMapping:69>>Mapped URL path [/v2/api-docs] onto method [springfox.documentation.swagger2.web.Swagger2Controller#getDocumentation(String, HttpServletRequest)]
2022-05-02-14:49:50.674 INFO [main]-tk.mybatis.mapper.autoconfigure.MapperCacheDisabler:60>>Clear tk.mybatis.mapper.util.MsUtil CLASS_CACHE cache.
2022-05-02-14:49:50.674 INFO [main]-tk.mybatis.mapper.autoconfigure.MapperCacheDisabler:60>>Clear tk.mybatis.mapper.genid.GenIdUtil CACHE cache.
2022-05-02-14:49:50.674 INFO [main]-tk.mybatis.mapper.autoconfigure.MapperCacheDisabler:60>>Clear tk.mybatis.mapper.version.VersionUtil CACHE cache.
2022-05-02-14:49:50.674 INFO [main]-tk.mybatis.mapper.autoconfigure.MapperCacheDisabler:83>>Clear EntityHelper entityTableMap cache.
2022-05-02-14:49:52.189 INFO [main]-org.springframework.data.elasticsearch.support.VersionInfo:62>>Version Spring Data Elasticsearch: 4.2.1
2022-05-02-14:49:52.189 INFO [main]-org.springframework.data.elasticsearch.support.VersionInfo:63>>Version Elasticsearch Client in build: 7.12.1
2022-05-02-14:49:52.189 INFO [main]-org.springframework.data.elasticsearch.support.VersionInfo:64>>Version Elasticsearch Client used: 7.12.1
2022-05-02-14:49:53.512 INFO [main]-org.quartz.impl.StdSchedulerFactory:1220>>Using default implementation for ThreadExecutor
2022-05-02-14:49:53.519 INFO [main]-org.quartz.core.SchedulerSignalerImpl:61>>Initialized Scheduler Signaller of type: class org.quartz.core.SchedulerSignalerImpl
2022-05-02-14:49:53.519 INFO [main]-org.quartz.core.QuartzScheduler:229>>Quartz Scheduler v.2.3.2 created.
2022-05-02-14:49:53.519 INFO [main]-org.quartz.simpl.RAMJobStore:155>>RAMJobStore initialized.
2022-05-02-14:49:53.519 INFO [main]-org.quartz.core.QuartzScheduler:294>>Scheduler meta-data: Quartz Scheduler (v2.3.2) 'quartzScheduler' with instanceId 'NON_CLUSTERED'
  Scheduler class: 'org.quartz.core.QuartzScheduler' - running locally.
  NOT STARTED.
  Currently in standby mode.
  Number of jobs executed: 0
  Using thread pool 'org.quartz.simpl.SimpleThreadPool' - with 10 threads.
  Using job-store 'org.quartz.simpl.RAMJobStore' - which does not support persistence. and is not clustered.

2022-05-02-14:49:53.519 INFO [main]-org.quartz.impl.StdSchedulerFactory:1374>>Quartz scheduler 'quartzScheduler' initialized from an externally provided properties instance.
2022-05-02-14:49:53.519 INFO [main]-org.quartz.impl.StdSchedulerFactory:1378>>Quartz scheduler version: 2.3.2
2022-05-02-14:49:53.519 INFO [main]-org.quartz.core.QuartzScheduler:2293>>JobFactory set to: org.springframework.scheduling.quartz.SpringBeanJobFactory@24f5e9e8
2022-05-02-14:49:53.631 INFO [main]-springfox.documentation.spring.web.plugins.DocumentationPluginsBootstrapper:160>>Context refreshed
2022-05-02-14:49:53.651 INFO [main]-springfox.documentation.spring.web.plugins.DocumentationPluginsBootstrapper:163>>Found 1 custom documentation plugin(s)
2022-05-02-14:49:53.682 INFO [main]-springfox.documentation.spring.web.scanners.ApiListingReferenceScanner:41>>Scanning for api listing references
2022-05-02-14:49:53.893 INFO [main]-org.springframework.scheduling.quartz.SchedulerFactoryBean:727>>Starting Quartz Scheduler now
2022-05-02-14:49:53.893 INFO [main]-org.quartz.core.QuartzScheduler:547>>Scheduler quartzScheduler_$_NON_CLUSTERED started.
2022-05-02-14:49:53.903 INFO [main]-org.springframework.boot.StartupInfoLogger:61>>Started ApiTest in 10.333 seconds (JVM running for 11.068)
2022-05-02-14:49:55.157 INFO [SpringApplicationShutdownHook]-org.quartz.core.QuartzScheduler:585>>Scheduler quartzScheduler_$_NON_CLUSTERED paused.
2022-05-02-14:49:55.157 INFO [SpringApplicationShutdownHook]-org.springframework.scheduling.quartz.SchedulerFactoryBean:845>>Shutting down Quartz Scheduler
2022-05-02-14:49:55.157 INFO [SpringApplicationShutdownHook]-org.quartz.core.QuartzScheduler:666>>Scheduler quartzScheduler_$_NON_CLUSTERED shutting down.
2022-05-02-14:49:55.157 INFO [SpringApplicationShutdownHook]-org.quartz.core.QuartzScheduler:585>>Scheduler quartzScheduler_$_NON_CLUSTERED paused.
2022-05-02-14:49:55.157 INFO [SpringApplicationShutdownHook]-org.quartz.core.QuartzScheduler:740>>Scheduler quartzScheduler_$_NON_CLUSTERED shutdown complete.
2022-05-02-14:49:55.314 INFO [SpringApplicationShutdownHook]-com.alibaba.druid.pool.DruidDataSource:2071>>{dataSource-1} closing ...
2022-05-02-14:49:55.314 INFO [SpringApplicationShutdownHook]-com.alibaba.druid.pool.DruidDataSource:2144>>{dataSource-1} closed
2022-05-02-14:51:40.391 INFO [main]-org.springframework.boot.StartupInfoLogger:55>>Starting ApiTest using Java 1.8.0_302 on DESKTOP-QBTMJA4 with PID 24920 (started by 粟小蓬 in E:\AllJava\sgmall\api)
2022-05-02-14:51:40.391 INFO [main]-org.springframework.boot.SpringApplication:659>>No active profile set, falling back to default profiles: default
2022-05-02-14:51:41.274 INFO [main]-org.springframework.data.repository.config.RepositoryConfigurationDelegate:262>>Multiple Spring Data modules found, entering strict repository configuration mode!
2022-05-02-14:51:41.276 INFO [main]-org.springframework.data.repository.config.RepositoryConfigurationDelegate:132>>Bootstrapping Spring Data Elasticsearch repositories in DEFAULT mode.
2022-05-02-14:51:41.296 INFO [main]-org.springframework.data.repository.config.RepositoryConfigurationDelegate:201>>Finished Spring Data repository scanning in 20 ms. Found 0 Elasticsearch repository interfaces.
2022-05-02-14:51:41.296 INFO [main]-org.springframework.data.repository.config.RepositoryConfigurationDelegate:262>>Multiple Spring Data modules found, entering strict repository configuration mode!
2022-05-02-14:51:41.296 INFO [main]-org.springframework.data.repository.config.RepositoryConfigurationDelegate:132>>Bootstrapping Spring Data Reactive Elasticsearch repositories in DEFAULT mode.
2022-05-02-14:51:41.306 INFO [main]-org.springframework.data.repository.config.RepositoryConfigurationDelegate:201>>Finished Spring Data repository scanning in 5 ms. Found 0 Reactive Elasticsearch repository interfaces.
2022-05-02-14:51:41.316 INFO [main]-org.springframework.data.repository.config.RepositoryConfigurationDelegate:262>>Multiple Spring Data modules found, entering strict repository configuration mode!
2022-05-02-14:51:41.316 INFO [main]-org.springframework.data.repository.config.RepositoryConfigurationDelegate:132>>Bootstrapping Spring Data Redis repositories in DEFAULT mode.
2022-05-02-14:51:41.326 INFO [main]-org.springframework.data.repository.config.RepositoryConfigurationDelegate:201>>Finished Spring Data repository scanning in 5 ms. Found 0 Redis repository interfaces.
2022-05-02-14:51:41.435 WARN [main]-org.mybatis.logging.Logger:44>>No MyBatis mapper was found in '[com.sxp]' package. Please check your configuration.
2022-05-02-14:51:43.287 INFO [main]-com.alibaba.druid.spring.boot.autoconfigure.DruidDataSourceAutoConfigure:56>>Init DruidDataSource
2022-05-02-14:51:43.439 INFO [main]-com.alibaba.druid.pool.DruidDataSource:998>>{dataSource-1} inited
2022-05-02-14:51:44.798 INFO [main]-org.redisson.Version:41>>Redisson 3.12.0
2022-05-02-14:51:45.569 INFO [redisson-netty-4-6]-org.redisson.connection.pool.ConnectionPool$1:168>>1 connections initialized for 47.113.202.125/47.113.202.125:6379
2022-05-02-14:51:45.569 INFO [redisson-netty-4-19]-org.redisson.connection.pool.ConnectionPool$1:168>>24 connections initialized for 47.113.202.125/47.113.202.125:6379
2022-05-02-14:51:46.270 INFO [main]-springfox.documentation.spring.web.PropertySourcedRequestMappingHandlerMapping:69>>Mapped URL path [/v2/api-docs] onto method [springfox.documentation.swagger2.web.Swagger2Controller#getDocumentation(String, HttpServletRequest)]
2022-05-02-14:51:46.847 INFO [main]-tk.mybatis.mapper.autoconfigure.MapperCacheDisabler:60>>Clear tk.mybatis.mapper.util.MsUtil CLASS_CACHE cache.
2022-05-02-14:51:46.855 INFO [main]-tk.mybatis.mapper.autoconfigure.MapperCacheDisabler:60>>Clear tk.mybatis.mapper.genid.GenIdUtil CACHE cache.
2022-05-02-14:51:46.855 INFO [main]-tk.mybatis.mapper.autoconfigure.MapperCacheDisabler:60>>Clear tk.mybatis.mapper.version.VersionUtil CACHE cache.
2022-05-02-14:51:46.855 INFO [main]-tk.mybatis.mapper.autoconfigure.MapperCacheDisabler:83>>Clear EntityHelper entityTableMap cache.
2022-05-02-14:51:48.375 INFO [main]-org.springframework.data.elasticsearch.support.VersionInfo:62>>Version Spring Data Elasticsearch: 4.2.1
2022-05-02-14:51:48.375 INFO [main]-org.springframework.data.elasticsearch.support.VersionInfo:63>>Version Elasticsearch Client in build: 7.12.1
2022-05-02-14:51:48.375 INFO [main]-org.springframework.data.elasticsearch.support.VersionInfo:64>>Version Elasticsearch Client used: 7.12.1
2022-05-02-14:51:49.474 INFO [main]-org.quartz.impl.StdSchedulerFactory:1220>>Using default implementation for ThreadExecutor
2022-05-02-14:51:49.474 INFO [main]-org.quartz.core.SchedulerSignalerImpl:61>>Initialized Scheduler Signaller of type: class org.quartz.core.SchedulerSignalerImpl
2022-05-02-14:51:49.474 INFO [main]-org.quartz.core.QuartzScheduler:229>>Quartz Scheduler v.2.3.2 created.
2022-05-02-14:51:49.474 INFO [main]-org.quartz.simpl.RAMJobStore:155>>RAMJobStore initialized.
2022-05-02-14:51:49.474 INFO [main]-org.quartz.core.QuartzScheduler:294>>Scheduler meta-data: Quartz Scheduler (v2.3.2) 'quartzScheduler' with instanceId 'NON_CLUSTERED'
  Scheduler class: 'org.quartz.core.QuartzScheduler' - running locally.
  NOT STARTED.
  Currently in standby mode.
  Number of jobs executed: 0
  Using thread pool 'org.quartz.simpl.SimpleThreadPool' - with 10 threads.
  Using job-store 'org.quartz.simpl.RAMJobStore' - which does not support persistence. and is not clustered.

2022-05-02-14:51:49.474 INFO [main]-org.quartz.impl.StdSchedulerFactory:1374>>Quartz scheduler 'quartzScheduler' initialized from an externally provided properties instance.
2022-05-02-14:51:49.474 INFO [main]-org.quartz.impl.StdSchedulerFactory:1378>>Quartz scheduler version: 2.3.2
2022-05-02-14:51:49.490 INFO [main]-org.quartz.core.QuartzScheduler:2293>>JobFactory set to: org.springframework.scheduling.quartz.SpringBeanJobFactory@5111f814
2022-05-02-14:51:49.555 INFO [main]-springfox.documentation.spring.web.plugins.DocumentationPluginsBootstrapper:160>>Context refreshed
2022-05-02-14:51:49.576 INFO [main]-springfox.documentation.spring.web.plugins.DocumentationPluginsBootstrapper:163>>Found 1 custom documentation plugin(s)
2022-05-02-14:51:49.606 INFO [main]-springfox.documentation.spring.web.scanners.ApiListingReferenceScanner:41>>Scanning for api listing references
2022-05-02-14:51:49.767 INFO [main]-org.springframework.scheduling.quartz.SchedulerFactoryBean:727>>Starting Quartz Scheduler now
2022-05-02-14:51:49.767 INFO [main]-org.quartz.core.QuartzScheduler:547>>Scheduler quartzScheduler_$_NON_CLUSTERED started.
2022-05-02-14:51:49.778 INFO [main]-org.springframework.boot.StartupInfoLogger:61>>Started ApiTest in 9.806 seconds (JVM running for 10.557)
2022-05-02-14:51:51.033 INFO [SpringApplicationShutdownHook]-org.quartz.core.QuartzScheduler:585>>Scheduler quartzScheduler_$_NON_CLUSTERED paused.
2022-05-02-14:51:51.033 INFO [SpringApplicationShutdownHook]-org.springframework.scheduling.quartz.SchedulerFactoryBean:845>>Shutting down Quartz Scheduler
2022-05-02-14:51:51.033 INFO [SpringApplicationShutdownHook]-org.quartz.core.QuartzScheduler:666>>Scheduler quartzScheduler_$_NON_CLUSTERED shutting down.
2022-05-02-14:51:51.033 INFO [SpringApplicationShutdownHook]-org.quartz.core.QuartzScheduler:585>>Scheduler quartzScheduler_$_NON_CLUSTERED paused.
2022-05-02-14:51:51.049 INFO [SpringApplicationShutdownHook]-org.quartz.core.QuartzScheduler:740>>Scheduler quartzScheduler_$_NON_CLUSTERED shutdown complete.
2022-05-02-14:51:51.165 INFO [SpringApplicationShutdownHook]-com.alibaba.druid.pool.DruidDataSource:2071>>{dataSource-1} closing ...
2022-05-02-14:51:51.181 INFO [SpringApplicationShutdownHook]-com.alibaba.druid.pool.DruidDataSource:2144>>{dataSource-1} closed
2022-05-02-14:52:34.091 INFO [main]-org.springframework.boot.StartupInfoLogger:55>>Starting ApiTest using Java 1.8.0_302 on DESKTOP-QBTMJA4 with PID 2068 (started by 粟小蓬 in E:\AllJava\sgmall\api)
2022-05-02-14:52:34.123 INFO [main]-org.springframework.boot.SpringApplication:659>>No active profile set, falling back to default profiles: default
2022-05-02-14:52:34.912 INFO [main]-org.springframework.data.repository.config.RepositoryConfigurationDelegate:262>>Multiple Spring Data modules found, entering strict repository configuration mode!
2022-05-02-14:52:34.912 INFO [main]-org.springframework.data.repository.config.RepositoryConfigurationDelegate:132>>Bootstrapping Spring Data Elasticsearch repositories in DEFAULT mode.
2022-05-02-14:52:34.940 INFO [main]-org.springframework.data.repository.config.RepositoryConfigurationDelegate:201>>Finished Spring Data repository scanning in 21 ms. Found 0 Elasticsearch repository interfaces.
2022-05-02-14:52:34.942 INFO [main]-org.springframework.data.repository.config.RepositoryConfigurationDelegate:262>>Multiple Spring Data modules found, entering strict repository configuration mode!
2022-05-02-14:52:34.942 INFO [main]-org.springframework.data.repository.config.RepositoryConfigurationDelegate:132>>Bootstrapping Spring Data Reactive Elasticsearch repositories in DEFAULT mode.
2022-05-02-14:52:34.952 INFO [main]-org.springframework.data.repository.config.RepositoryConfigurationDelegate:201>>Finished Spring Data repository scanning in 6 ms. Found 0 Reactive Elasticsearch repository interfaces.
2022-05-02-14:52:34.962 INFO [main]-org.springframework.data.repository.config.RepositoryConfigurationDelegate:262>>Multiple Spring Data modules found, entering strict repository configuration mode!
2022-05-02-14:52:34.962 INFO [main]-org.springframework.data.repository.config.RepositoryConfigurationDelegate:132>>Bootstrapping Spring Data Redis repositories in DEFAULT mode.
2022-05-02-14:52:34.972 INFO [main]-org.springframework.data.repository.config.RepositoryConfigurationDelegate:201>>Finished Spring Data repository scanning in 5 ms. Found 0 Redis repository interfaces.
2022-05-02-14:52:35.102 WARN [main]-org.mybatis.logging.Logger:44>>No MyBatis mapper was found in '[com.sxp]' package. Please check your configuration.
2022-05-02-14:52:36.971 INFO [main]-com.alibaba.druid.spring.boot.autoconfigure.DruidDataSourceAutoConfigure:56>>Init DruidDataSource
2022-05-02-14:52:37.019 WARN [main]-org.springframework.context.support.AbstractApplicationContext:591>>Exception encountered during context initialization - cancelling refresh attempt: org.springframework.beans.factory.UnsatisfiedDependencyException: Error creating bean with name 'indexController': Unsatisfied dependency expressed through field 'indexImgService'; nested exception is org.springframework.beans.factory.UnsatisfiedDependencyException: Error creating bean with name 'indexImgServiceImpl': Unsatisfied dependency expressed through field 'indexImgMapper'; nested exception is org.springframework.beans.factory.UnsatisfiedDependencyException: Error creating bean with name 'indexImgMapper' defined in file [E:\AllJava\sgmall\mapper\target\classes\com\sxp\dao\IndexImgMapper.class]: Unsatisfied dependency expressed through bean property 'sqlSessionFactory'; nested exception is org.springframework.beans.factory.UnsatisfiedDependencyException: Error creating bean with name 'sqlSessionFactory' defined in class path resource [tk/mybatis/mapper/autoconfigure/MapperAutoConfiguration.class]: Unsatisfied dependency expressed through method 'sqlSessionFactory' parameter 0; nested exception is org.springframework.beans.factory.BeanCreationException: Error creating bean with name 'dataSource' defined in class path resource [com/alibaba/druid/spring/boot/autoconfigure/DruidDataSourceAutoConfigure.class]: Invocation of init method failed; nested exception is org.springframework.boot.autoconfigure.jdbc.DataSourceProperties$DataSourceBeanCreationException: Failed to determine a suitable driver class
2022-05-02-14:52:37.050 INFO [main]-org.springframework.boot.autoconfigure.logging.ConditionEvaluationReportLoggingListener:136>>

Error starting ApplicationContext. To display the conditions report re-run your application with 'debug' enabled.
2022-05-02-14:52:37.065 ERROR [main]-org.springframework.boot.diagnostics.LoggingFailureAnalysisReporter:40>>

***************************
APPLICATION FAILED TO START
***************************

Description:

Failed to configure a DataSource: 'url' attribute is not specified and no embedded datasource could be configured.

Reason: Failed to determine a suitable driver class


Action:

Consider the following:
	If you want an embedded database (H2, HSQL or Derby), please put it on the classpath.
	If you have database settings to be loaded from a particular profile you may need to activate it (no profiles are currently active).

2022-05-02-14:52:37.065 ERROR [main]-org.springframework.test.context.TestContextManager:248>>Caught exception while allowing TestExecutionListener [org.springframework.test.context.web.ServletTestExecutionListener@1151e434] to prepare test instance [com.sxp.ApiTest@935493d]
java.lang.IllegalStateException: Failed to load ApplicationContext
	at org.springframework.test.context.cache.DefaultCacheAwareContextLoaderDelegate.loadContext(DefaultCacheAwareContextLoaderDelegate.java:132)
	at org.springframework.test.context.support.DefaultTestContext.getApplicationContext(DefaultTestContext.java:124)
	at org.springframework.test.context.web.ServletTestExecutionListener.setUpRequestContextIfNecessary(ServletTestExecutionListener.java:190)
	at org.springframework.test.context.web.ServletTestExecutionListener.prepareTestInstance(ServletTestExecutionListener.java:132)
	at org.springframework.test.context.TestContextManager.prepareTestInstance(TestContextManager.java:244)
	at org.springframework.test.context.junit4.SpringJUnit4ClassRunner.createTest(SpringJUnit4ClassRunner.java:227)
	at org.springframework.test.context.junit4.SpringJUnit4ClassRunner$1.runReflectiveCall(SpringJUnit4ClassRunner.java:289)
	at org.junit.internal.runners.model.ReflectiveCallable.run(ReflectiveCallable.java:12)
	at org.springframework.test.context.junit4.SpringJUnit4ClassRunner.methodBlock(SpringJUnit4ClassRunner.java:291)
	at org.springframework.test.context.junit4.SpringJUnit4ClassRunner.runChild(SpringJUnit4ClassRunner.java:246)
	at org.springframework.test.context.junit4.SpringJUnit4ClassRunner.runChild(SpringJUnit4ClassRunner.java:97)
	at org.junit.runners.ParentRunner$4.run(ParentRunner.java:331)
	at org.junit.runners.ParentRunner$1.schedule(ParentRunner.java:79)
	at org.junit.runners.ParentRunner.runChildren(ParentRunner.java:329)
	at org.junit.runners.ParentRunner.access$100(ParentRunner.java:66)
	at org.junit.runners.ParentRunner$2.evaluate(ParentRunner.java:293)
	at org.springframework.test.context.junit4.statements.RunBeforeTestClassCallbacks.evaluate(RunBeforeTestClassCallbacks.java:61)
	at org.springframework.test.context.junit4.statements.RunAfterTestClassCallbacks.evaluate(RunAfterTestClassCallbacks.java:70)
	at org.junit.runners.ParentRunner$3.evaluate(ParentRunner.java:306)
	at org.junit.runners.ParentRunner.run(ParentRunner.java:413)
	at org.springframework.test.context.junit4.SpringJUnit4ClassRunner.run(SpringJUnit4ClassRunner.java:190)
	at org.junit.runner.JUnitCore.run(JUnitCore.java:137)
	at org.junit.runner.JUnitCore.run(JUnitCore.java:115)
	at org.junit.vintage.engine.execution.RunnerExecutor.execute(RunnerExecutor.java:43)
	at java.util.stream.ForEachOps$ForEachOp$OfRef.accept(ForEachOps.java:183)
	at java.util.stream.ReferencePipeline$3$1.accept(ReferencePipeline.java:193)
	at java.util.Iterator.forEachRemaining(Iterator.java:116)
	at java.util.Spliterators$IteratorSpliterator.forEachRemaining(Spliterators.java:1801)
	at java.util.stream.AbstractPipeline.copyInto(AbstractPipeline.java:482)
	at java.util.stream.AbstractPipeline.wrapAndCopyInto(AbstractPipeline.java:472)
	at java.util.stream.ForEachOps$ForEachOp.evaluateSequential(ForEachOps.java:150)
	at java.util.stream.ForEachOps$ForEachOp$OfRef.evaluateSequential(ForEachOps.java:173)
	at java.util.stream.AbstractPipeline.evaluate(AbstractPipeline.java:234)
	at java.util.stream.ReferencePipeline.forEach(ReferencePipeline.java:485)
	at org.junit.vintage.engine.VintageTestEngine.executeAllChildren(VintageTestEngine.java:82)
	at org.junit.vintage.engine.VintageTestEngine.execute(VintageTestEngine.java:73)
	at org.junit.platform.launcher.core.EngineExecutionOrchestrator.execute(EngineExecutionOrchestrator.java:108)
	at org.junit.platform.launcher.core.EngineExecutionOrchestrator.execute(EngineExecutionOrchestrator.java:88)
	at org.junit.platform.launcher.core.EngineExecutionOrchestrator.lambda$execute$0(EngineExecutionOrchestrator.java:54)
	at org.junit.platform.launcher.core.EngineExecutionOrchestrator.withInterceptedStreams(EngineExecutionOrchestrator.java:67)
	at org.junit.platform.launcher.core.EngineExecutionOrchestrator.execute(EngineExecutionOrchestrator.java:52)
	at org.junit.platform.launcher.core.DefaultLauncher.execute(DefaultLauncher.java:96)
	at org.junit.platform.launcher.core.DefaultLauncher.execute(DefaultLauncher.java:75)
	at com.intellij.junit5.JUnit5IdeaTestRunner.startRunnerWithArgs(JUnit5IdeaTestRunner.java:71)
	at com.intellij.rt.junit.IdeaTestRunner$Repeater.startRunnerWithArgs(IdeaTestRunner.java:33)
	at com.intellij.rt.junit.JUnitStarter.prepareStreamsAndStart(JUnitStarter.java:235)
	at com.intellij.rt.junit.JUnitStarter.main(JUnitStarter.java:54)
Caused by: org.springframework.beans.factory.UnsatisfiedDependencyException: Error creating bean with name 'indexController': Unsatisfied dependency expressed through field 'indexImgService'; nested exception is org.springframework.beans.factory.UnsatisfiedDependencyException: Error creating bean with name 'indexImgServiceImpl': Unsatisfied dependency expressed through field 'indexImgMapper'; nested exception is org.springframework.beans.factory.UnsatisfiedDependencyException: Error creating bean with name 'indexImgMapper' defined in file [E:\AllJava\sgmall\mapper\target\classes\com\sxp\dao\IndexImgMapper.class]: Unsatisfied dependency expressed through bean property 'sqlSessionFactory'; nested exception is org.springframework.beans.factory.UnsatisfiedDependencyException: Error creating bean with name 'sqlSessionFactory' defined in class path resource [tk/mybatis/mapper/autoconfigure/MapperAutoConfiguration.class]: Unsatisfied dependency expressed through method 'sqlSessionFactory' parameter 0; nested exception is org.springframework.beans.factory.BeanCreationException: Error creating bean with name 'dataSource' defined in class path resource [com/alibaba/druid/spring/boot/autoconfigure/DruidDataSourceAutoConfigure.class]: Invocation of init method failed; nested exception is org.springframework.boot.autoconfigure.jdbc.DataSourceProperties$DataSourceBeanCreationException: Failed to determine a suitable driver class
	at org.springframework.beans.factory.annotation.AutowiredAnnotationBeanPostProcessor$AutowiredFieldElement.resolveFieldValue(AutowiredAnnotationBeanPostProcessor.java:660)
	at org.springframework.beans.factory.annotation.AutowiredAnnotationBeanPostProcessor$AutowiredFieldElement.inject(AutowiredAnnotationBeanPostProcessor.java:640)
	at org.springframework.beans.factory.annotation.InjectionMetadata.inject(InjectionMetadata.java:119)
	at org.springframework.beans.factory.annotation.AutowiredAnnotationBeanPostProcessor.postProcessProperties(AutowiredAnnotationBeanPostProcessor.java:399)
	at org.springframework.beans.factory.support.AbstractAutowireCapableBeanFactory.populateBean(AbstractAutowireCapableBeanFactory.java:1413)
	at org.springframework.beans.factory.support.AbstractAutowireCapableBeanFactory.doCreateBean(AbstractAutowireCapableBeanFactory.java:601)
	at org.springframework.beans.factory.support.AbstractAutowireCapableBeanFactory.createBean(AbstractAutowireCapableBeanFactory.java:524)
	at org.springframework.beans.factory.support.AbstractBeanFactory.lambda$doGetBean$0(AbstractBeanFactory.java:335)
	at org.springframework.beans.factory.support.DefaultSingletonBeanRegistry.getSingleton(DefaultSingletonBeanRegistry.java:234)
	at org.springframework.beans.factory.support.AbstractBeanFactory.doGetBean(AbstractBeanFactory.java:333)
	at org.springframework.beans.factory.support.AbstractBeanFactory.getBean(AbstractBeanFactory.java:208)
	at org.springframework.beans.factory.support.DefaultListableBeanFactory.preInstantiateSingletons(DefaultListableBeanFactory.java:944)
	at org.springframework.context.support.AbstractApplicationContext.finishBeanFactoryInitialization(AbstractApplicationContext.java:918)
	at org.springframework.context.support.AbstractApplicationContext.refresh(AbstractApplicationContext.java:583)
	at org.springframework.boot.SpringApplication.refresh(SpringApplication.java:754)
	at org.springframework.boot.SpringApplication.refreshContext(SpringApplication.java:434)
	at org.springframework.boot.SpringApplication.run(SpringApplication.java:338)
	at org.springframework.boot.test.context.SpringBootContextLoader.loadContext(SpringBootContextLoader.java:123)
	at org.springframework.test.context.cache.DefaultCacheAwareContextLoaderDelegate.loadContextInternal(DefaultCacheAwareContextLoaderDelegate.java:99)
	at org.springframework.test.context.cache.DefaultCacheAwareContextLoaderDelegate.loadContext(DefaultCacheAwareContextLoaderDelegate.java:124)
	... 46 common frames omitted
Caused by: org.springframework.beans.factory.UnsatisfiedDependencyException: Error creating bean with name 'indexImgServiceImpl': Unsatisfied dependency expressed through field 'indexImgMapper'; nested exception is org.springframework.beans.factory.UnsatisfiedDependencyException: Error creating bean with name 'indexImgMapper' defined in file [E:\AllJava\sgmall\mapper\target\classes\com\sxp\dao\IndexImgMapper.class]: Unsatisfied dependency expressed through bean property 'sqlSessionFactory'; nested exception is org.springframework.beans.factory.UnsatisfiedDependencyException: Error creating bean with name 'sqlSessionFactory' defined in class path resource [tk/mybatis/mapper/autoconfigure/MapperAutoConfiguration.class]: Unsatisfied dependency expressed through method 'sqlSessionFactory' parameter 0; nested exception is org.springframework.beans.factory.BeanCreationException: Error creating bean with name 'dataSource' defined in class path resource [com/alibaba/druid/spring/boot/autoconfigure/DruidDataSourceAutoConfigure.class]: Invocation of init method failed; nested exception is org.springframework.boot.autoconfigure.jdbc.DataSourceProperties$DataSourceBeanCreationException: Failed to determine a suitable driver class
	at org.springframework.beans.factory.annotation.AutowiredAnnotationBeanPostProcessor$AutowiredFieldElement.resolveFieldValue(AutowiredAnnotationBeanPostProcessor.java:660)
	at org.springframework.beans.factory.annotation.AutowiredAnnotationBeanPostProcessor$AutowiredFieldElement.inject(AutowiredAnnotationBeanPostProcessor.java:640)
	at org.springframework.beans.factory.annotation.InjectionMetadata.inject(InjectionMetadata.java:119)
	at org.springframework.beans.factory.annotation.AutowiredAnnotationBeanPostProcessor.postProcessProperties(AutowiredAnnotationBeanPostProcessor.java:399)
	at org.springframework.beans.factory.support.AbstractAutowireCapableBeanFactory.populateBean(AbstractAutowireCapableBeanFactory.java:1413)
	at org.springframework.beans.factory.support.AbstractAutowireCapableBeanFactory.doCreateBean(AbstractAutowireCapableBeanFactory.java:601)
	at org.springframework.beans.factory.support.AbstractAutowireCapableBeanFactory.createBean(AbstractAutowireCapableBeanFactory.java:524)
	at org.springframework.beans.factory.support.AbstractBeanFactory.lambda$doGetBean$0(AbstractBeanFactory.java:335)
	at org.springframework.beans.factory.support.DefaultSingletonBeanRegistry.getSingleton(DefaultSingletonBeanRegistry.java:234)
	at org.springframework.beans.factory.support.AbstractBeanFactory.doGetBean(AbstractBeanFactory.java:333)
	at org.springframework.beans.factory.support.AbstractBeanFactory.getBean(AbstractBeanFactory.java:208)
	at org.springframework.beans.factory.config.DependencyDescriptor.resolveCandidate(DependencyDescriptor.java:276)
	at org.springframework.beans.factory.support.DefaultListableBeanFactory.doResolveDependency(DefaultListableBeanFactory.java:1380)
	at org.springframework.beans.factory.support.DefaultListableBeanFactory.resolveDependency(DefaultListableBeanFactory.java:1300)
	at org.springframework.beans.factory.annotation.AutowiredAnnotationBeanPostProcessor$AutowiredFieldElement.resolveFieldValue(AutowiredAnnotationBeanPostProcessor.java:657)
	... 65 common frames omitted
Caused by: org.springframework.beans.factory.UnsatisfiedDependencyException: Error creating bean with name 'indexImgMapper' defined in file [E:\AllJava\sgmall\mapper\target\classes\com\sxp\dao\IndexImgMapper.class]: Unsatisfied dependency expressed through bean property 'sqlSessionFactory'; nested exception is org.springframework.beans.factory.UnsatisfiedDependencyException: Error creating bean with name 'sqlSessionFactory' defined in class path resource [tk/mybatis/mapper/autoconfigure/MapperAutoConfiguration.class]: Unsatisfied dependency expressed through method 'sqlSessionFactory' parameter 0; nested exception is org.springframework.beans.factory.BeanCreationException: Error creating bean with name 'dataSource' defined in class path resource [com/alibaba/druid/spring/boot/autoconfigure/DruidDataSourceAutoConfigure.class]: Invocation of init method failed; nested exception is org.springframework.boot.autoconfigure.jdbc.DataSourceProperties$DataSourceBeanCreationException: Failed to determine a suitable driver class
	at org.springframework.beans.factory.support.AbstractAutowireCapableBeanFactory.autowireByType(AbstractAutowireCapableBeanFactory.java:1516)
	at org.springframework.beans.factory.support.AbstractAutowireCapableBeanFactory.populateBean(AbstractAutowireCapableBeanFactory.java:1399)
	at org.springframework.beans.factory.support.AbstractAutowireCapableBeanFactory.doCreateBean(AbstractAutowireCapableBeanFactory.java:601)
	at org.springframework.beans.factory.support.AbstractAutowireCapableBeanFactory.createBean(AbstractAutowireCapableBeanFactory.java:524)
	at org.springframework.beans.factory.support.AbstractBeanFactory.lambda$doGetBean$0(AbstractBeanFactory.java:335)
	at org.springframework.beans.factory.support.DefaultSingletonBeanRegistry.getSingleton(DefaultSingletonBeanRegistry.java:234)
	at org.springframework.beans.factory.support.AbstractBeanFactory.doGetBean(AbstractBeanFactory.java:333)
	at org.springframework.beans.factory.support.AbstractBeanFactory.getBean(AbstractBeanFactory.java:208)
	at org.springframework.beans.factory.config.DependencyDescriptor.resolveCandidate(DependencyDescriptor.java:276)
	at org.springframework.beans.factory.support.DefaultListableBeanFactory.doResolveDependency(DefaultListableBeanFactory.java:1380)
	at org.springframework.beans.factory.support.DefaultListableBeanFactory.resolveDependency(DefaultListableBeanFactory.java:1300)
	at org.springframework.beans.factory.annotation.AutowiredAnnotationBeanPostProcessor$AutowiredFieldElement.resolveFieldValue(AutowiredAnnotationBeanPostProcessor.java:657)
	... 79 common frames omitted
Caused by: org.springframework.beans.factory.UnsatisfiedDependencyException: Error creating bean with name 'sqlSessionFactory' defined in class path resource [tk/mybatis/mapper/autoconfigure/MapperAutoConfiguration.class]: Unsatisfied dependency expressed through method 'sqlSessionFactory' parameter 0; nested exception is org.springframework.beans.factory.BeanCreationException: Error creating bean with name 'dataSource' defined in class path resource [com/alibaba/druid/spring/boot/autoconfigure/DruidDataSourceAutoConfigure.class]: Invocation of init method failed; nested exception is org.springframework.boot.autoconfigure.jdbc.DataSourceProperties$DataSourceBeanCreationException: Failed to determine a suitable driver class
	at org.springframework.beans.factory.support.ConstructorResolver.createArgumentArray(ConstructorResolver.java:800)
	at org.springframework.beans.factory.support.ConstructorResolver.instantiateUsingFactoryMethod(ConstructorResolver.java:541)
	at org.springframework.beans.factory.support.AbstractAutowireCapableBeanFactory.instantiateUsingFactoryMethod(AbstractAutowireCapableBeanFactory.java:1334)
	at org.springframework.beans.factory.support.AbstractAutowireCapableBeanFactory.createBeanInstance(AbstractAutowireCapableBeanFactory.java:1177)
	at org.springframework.beans.factory.support.AbstractAutowireCapableBeanFactory.doCreateBean(AbstractAutowireCapableBeanFactory.java:564)
	at org.springframework.beans.factory.support.AbstractAutowireCapableBeanFactory.createBean(AbstractAutowireCapableBeanFactory.java:524)
	at org.springframework.beans.factory.support.AbstractBeanFactory.lambda$doGetBean$0(AbstractBeanFactory.java:335)
	at org.springframework.beans.factory.support.DefaultSingletonBeanRegistry.getSingleton(DefaultSingletonBeanRegistry.java:234)
	at org.springframework.beans.factory.support.AbstractBeanFactory.doGetBean(AbstractBeanFactory.java:333)
	at org.springframework.beans.factory.support.AbstractBeanFactory.getBean(AbstractBeanFactory.java:208)
	at org.springframework.beans.factory.config.DependencyDescriptor.resolveCandidate(DependencyDescriptor.java:276)
	at org.springframework.beans.factory.support.DefaultListableBeanFactory.doResolveDependency(DefaultListableBeanFactory.java:1380)
	at org.springframework.beans.factory.support.DefaultListableBeanFactory.resolveDependency(DefaultListableBeanFactory.java:1300)
	at org.springframework.beans.factory.support.AbstractAutowireCapableBeanFactory.autowireByType(AbstractAutowireCapableBeanFactory.java:1501)
	... 90 common frames omitted
Caused by: org.springframework.beans.factory.BeanCreationException: Error creating bean with name 'dataSource' defined in class path resource [com/alibaba/druid/spring/boot/autoconfigure/DruidDataSourceAutoConfigure.class]: Invocation of init method failed; nested exception is org.springframework.boot.autoconfigure.jdbc.DataSourceProperties$DataSourceBeanCreationException: Failed to determine a suitable driver class
	at org.springframework.beans.factory.support.AbstractAutowireCapableBeanFactory.initializeBean(AbstractAutowireCapableBeanFactory.java:1786)
	at org.springframework.beans.factory.support.AbstractAutowireCapableBeanFactory.doCreateBean(AbstractAutowireCapableBeanFactory.java:602)
	at org.springframework.beans.factory.support.AbstractAutowireCapableBeanFactory.createBean(AbstractAutowireCapableBeanFactory.java:524)
	at org.springframework.beans.factory.support.AbstractBeanFactory.lambda$doGetBean$0(AbstractBeanFactory.java:335)
	at org.springframework.beans.factory.support.DefaultSingletonBeanRegistry.getSingleton(DefaultSingletonBeanRegistry.java:234)
	at org.springframework.beans.factory.support.AbstractBeanFactory.doGetBean(AbstractBeanFactory.java:333)
	at org.springframework.beans.factory.support.AbstractBeanFactory.getBean(AbstractBeanFactory.java:208)
	at org.springframework.beans.factory.config.DependencyDescriptor.resolveCandidate(DependencyDescriptor.java:276)
	at org.springframework.beans.factory.support.DefaultListableBeanFactory.doResolveDependency(DefaultListableBeanFactory.java:1380)
	at org.springframework.beans.factory.support.DefaultListableBeanFactory.resolveDependency(DefaultListableBeanFactory.java:1300)
	at org.springframework.beans.factory.support.ConstructorResolver.resolveAutowiredArgument(ConstructorResolver.java:887)
	at org.springframework.beans.factory.support.ConstructorResolver.createArgumentArray(ConstructorResolver.java:791)
	... 103 common frames omitted
Caused by: org.springframework.boot.autoconfigure.jdbc.DataSourceProperties$DataSourceBeanCreationException: Failed to determine a suitable driver class
	at org.springframework.boot.autoconfigure.jdbc.DataSourceProperties.determineDriverClassName(DataSourceProperties.java:252)
	at org.springframework.boot.autoconfigure.jdbc.DataSourceProperties.determineUsername(DataSourceProperties.java:346)
	at com.alibaba.druid.spring.boot.autoconfigure.DruidDataSourceWrapper.afterPropertiesSet(DruidDataSourceWrapper.java:40)
	at org.springframework.beans.factory.support.AbstractAutowireCapableBeanFactory.invokeInitMethods(AbstractAutowireCapableBeanFactory.java:1845)
	at org.springframework.beans.factory.support.AbstractAutowireCapableBeanFactory.initializeBean(AbstractAutowireCapableBeanFactory.java:1782)
	... 114 common frames omitted
2022-05-02-14:53:10.399 INFO [main]-org.springframework.boot.StartupInfoLogger:55>>Starting ApiTest using Java 1.8.0_302 on DESKTOP-QBTMJA4 with PID 11308 (started by 粟小蓬 in E:\AllJava\sgmall\api)
2022-05-02-14:53:10.399 INFO [main]-org.springframework.boot.SpringApplication:659>>No active profile set, falling back to default profiles: default
2022-05-02-14:53:11.327 INFO [main]-org.springframework.data.repository.config.RepositoryConfigurationDelegate:262>>Multiple Spring Data modules found, entering strict repository configuration mode!
2022-05-02-14:53:11.329 INFO [main]-org.springframework.data.repository.config.RepositoryConfigurationDelegate:132>>Bootstrapping Spring Data Elasticsearch repositories in DEFAULT mode.
2022-05-02-14:53:11.350 INFO [main]-org.springframework.data.repository.config.RepositoryConfigurationDelegate:201>>Finished Spring Data repository scanning in 21 ms. Found 0 Elasticsearch repository interfaces.
2022-05-02-14:53:11.360 INFO [main]-org.springframework.data.repository.config.RepositoryConfigurationDelegate:262>>Multiple Spring Data modules found, entering strict repository configuration mode!
2022-05-02-14:53:11.360 INFO [main]-org.springframework.data.repository.config.RepositoryConfigurationDelegate:132>>Bootstrapping Spring Data Reactive Elasticsearch repositories in DEFAULT mode.
2022-05-02-14:53:11.368 INFO [main]-org.springframework.data.repository.config.RepositoryConfigurationDelegate:201>>Finished Spring Data repository scanning in 7 ms. Found 0 Reactive Elasticsearch repository interfaces.
2022-05-02-14:53:11.378 INFO [main]-org.springframework.data.repository.config.RepositoryConfigurationDelegate:262>>Multiple Spring Data modules found, entering strict repository configuration mode!
2022-05-02-14:53:11.380 INFO [main]-org.springframework.data.repository.config.RepositoryConfigurationDelegate:132>>Bootstrapping Spring Data Redis repositories in DEFAULT mode.
2022-05-02-14:53:11.390 INFO [main]-org.springframework.data.repository.config.RepositoryConfigurationDelegate:201>>Finished Spring Data repository scanning in 8 ms. Found 0 Redis repository interfaces.
2022-05-02-14:53:11.494 WARN [main]-org.mybatis.logging.Logger:44>>No MyBatis mapper was found in '[com.sxp]' package. Please check your configuration.
2022-05-02-14:53:13.351 INFO [main]-com.alibaba.druid.spring.boot.autoconfigure.DruidDataSourceAutoConfigure:56>>Init DruidDataSource
2022-05-02-14:53:13.498 INFO [main]-com.alibaba.druid.pool.DruidDataSource:998>>{dataSource-1} inited
2022-05-02-14:53:14.829 INFO [main]-org.redisson.Version:41>>Redisson 3.12.0
2022-05-02-14:53:15.623 INFO [redisson-netty-4-13]-org.redisson.connection.pool.ConnectionPool$1:168>>1 connections initialized for 47.113.202.125/47.113.202.125:6379
2022-05-02-14:53:15.623 INFO [redisson-netty-4-19]-org.redisson.connection.pool.ConnectionPool$1:168>>24 connections initialized for 47.113.202.125/47.113.202.125:6379
2022-05-02-14:53:16.359 INFO [main]-springfox.documentation.spring.web.PropertySourcedRequestMappingHandlerMapping:69>>Mapped URL path [/v2/api-docs] onto method [springfox.documentation.swagger2.web.Swagger2Controller#getDocumentation(String, HttpServletRequest)]
2022-05-02-14:53:16.975 INFO [main]-tk.mybatis.mapper.autoconfigure.MapperCacheDisabler:60>>Clear tk.mybatis.mapper.util.MsUtil CLASS_CACHE cache.
2022-05-02-14:53:16.975 INFO [main]-tk.mybatis.mapper.autoconfigure.MapperCacheDisabler:60>>Clear tk.mybatis.mapper.genid.GenIdUtil CACHE cache.
2022-05-02-14:53:16.977 INFO [main]-tk.mybatis.mapper.autoconfigure.MapperCacheDisabler:60>>Clear tk.mybatis.mapper.version.VersionUtil CACHE cache.
2022-05-02-14:53:16.977 INFO [main]-tk.mybatis.mapper.autoconfigure.MapperCacheDisabler:83>>Clear EntityHelper entityTableMap cache.
2022-05-02-14:53:18.479 INFO [main]-org.springframework.data.elasticsearch.support.VersionInfo:62>>Version Spring Data Elasticsearch: 4.2.1
2022-05-02-14:53:18.479 INFO [main]-org.springframework.data.elasticsearch.support.VersionInfo:63>>Version Elasticsearch Client in build: 7.12.1
2022-05-02-14:53:18.479 INFO [main]-org.springframework.data.elasticsearch.support.VersionInfo:64>>Version Elasticsearch Client used: 7.12.1
2022-05-02-14:53:19.594 INFO [main]-org.quartz.impl.StdSchedulerFactory:1220>>Using default implementation for ThreadExecutor
2022-05-02-14:53:19.606 INFO [main]-org.quartz.core.SchedulerSignalerImpl:61>>Initialized Scheduler Signaller of type: class org.quartz.core.SchedulerSignalerImpl
2022-05-02-14:53:19.606 INFO [main]-org.quartz.core.QuartzScheduler:229>>Quartz Scheduler v.2.3.2 created.
2022-05-02-14:53:19.606 INFO [main]-org.quartz.simpl.RAMJobStore:155>>RAMJobStore initialized.
2022-05-02-14:53:19.606 INFO [main]-org.quartz.core.QuartzScheduler:294>>Scheduler meta-data: Quartz Scheduler (v2.3.2) 'quartzScheduler' with instanceId 'NON_CLUSTERED'
  Scheduler class: 'org.quartz.core.QuartzScheduler' - running locally.
  NOT STARTED.
  Currently in standby mode.
  Number of jobs executed: 0
  Using thread pool 'org.quartz.simpl.SimpleThreadPool' - with 10 threads.
  Using job-store 'org.quartz.simpl.RAMJobStore' - which does not support persistence. and is not clustered.

2022-05-02-14:53:19.606 INFO [main]-org.quartz.impl.StdSchedulerFactory:1374>>Quartz scheduler 'quartzScheduler' initialized from an externally provided properties instance.
2022-05-02-14:53:19.606 INFO [main]-org.quartz.impl.StdSchedulerFactory:1378>>Quartz scheduler version: 2.3.2
2022-05-02-14:53:19.606 INFO [main]-org.quartz.core.QuartzScheduler:2293>>JobFactory set to: org.springframework.scheduling.quartz.SpringBeanJobFactory@14b96c1e
2022-05-02-14:53:19.677 INFO [main]-springfox.documentation.spring.web.plugins.DocumentationPluginsBootstrapper:160>>Context refreshed
2022-05-02-14:53:19.697 INFO [main]-springfox.documentation.spring.web.plugins.DocumentationPluginsBootstrapper:163>>Found 1 custom documentation plugin(s)
2022-05-02-14:53:19.727 INFO [main]-springfox.documentation.spring.web.scanners.ApiListingReferenceScanner:41>>Scanning for api listing references
2022-05-02-14:53:19.899 INFO [main]-org.springframework.scheduling.quartz.SchedulerFactoryBean:727>>Starting Quartz Scheduler now
2022-05-02-14:53:19.899 INFO [main]-org.quartz.core.QuartzScheduler:547>>Scheduler quartzScheduler_$_NON_CLUSTERED started.
2022-05-02-14:53:19.919 INFO [main]-org.springframework.boot.StartupInfoLogger:61>>Started ApiTest in 9.914 seconds (JVM running for 10.689)
2022-05-02-14:53:21.191 INFO [SpringApplicationShutdownHook]-org.quartz.core.QuartzScheduler:585>>Scheduler quartzScheduler_$_NON_CLUSTERED paused.
2022-05-02-14:53:21.191 INFO [SpringApplicationShutdownHook]-org.springframework.scheduling.quartz.SchedulerFactoryBean:845>>Shutting down Quartz Scheduler
2022-05-02-14:53:21.191 INFO [SpringApplicationShutdownHook]-org.quartz.core.QuartzScheduler:666>>Scheduler quartzScheduler_$_NON_CLUSTERED shutting down.
2022-05-02-14:53:21.191 INFO [SpringApplicationShutdownHook]-org.quartz.core.QuartzScheduler:585>>Scheduler quartzScheduler_$_NON_CLUSTERED paused.
2022-05-02-14:53:21.207 INFO [SpringApplicationShutdownHook]-org.quartz.core.QuartzScheduler:740>>Scheduler quartzScheduler_$_NON_CLUSTERED shutdown complete.
2022-05-02-14:53:21.391 INFO [SpringApplicationShutdownHook]-com.alibaba.druid.pool.DruidDataSource:2071>>{dataSource-1} closing ...
2022-05-02-14:53:21.407 INFO [SpringApplicationShutdownHook]-com.alibaba.druid.pool.DruidDataSource:2144>>{dataSource-1} closed
2022-05-02-14:54:09.279 INFO [main]-org.springframework.boot.StartupInfoLogger:55>>Starting ApiTest using Java 1.8.0_302 on DESKTOP-QBTMJA4 with PID 25360 (started by 粟小蓬 in E:\AllJava\sgmall\api)
2022-05-02-14:54:09.287 INFO [main]-org.springframework.boot.SpringApplication:659>>No active profile set, falling back to default profiles: default
2022-05-02-14:54:10.068 INFO [main]-org.springframework.data.repository.config.RepositoryConfigurationDelegate:262>>Multiple Spring Data modules found, entering strict repository configuration mode!
2022-05-02-14:54:10.068 INFO [main]-org.springframework.data.repository.config.RepositoryConfigurationDelegate:132>>Bootstrapping Spring Data Elasticsearch repositories in DEFAULT mode.
2022-05-02-14:54:10.096 INFO [main]-org.springframework.data.repository.config.RepositoryConfigurationDelegate:201>>Finished Spring Data repository scanning in 21 ms. Found 0 Elasticsearch repository interfaces.
2022-05-02-14:54:10.098 INFO [main]-org.springframework.data.repository.config.RepositoryConfigurationDelegate:262>>Multiple Spring Data modules found, entering strict repository configuration mode!
2022-05-02-14:54:10.098 INFO [main]-org.springframework.data.repository.config.RepositoryConfigurationDelegate:132>>Bootstrapping Spring Data Reactive Elasticsearch repositories in DEFAULT mode.
2022-05-02-14:54:10.106 INFO [main]-org.springframework.data.repository.config.RepositoryConfigurationDelegate:201>>Finished Spring Data repository scanning in 5 ms. Found 0 Reactive Elasticsearch repository interfaces.
2022-05-02-14:54:10.118 INFO [main]-org.springframework.data.repository.config.RepositoryConfigurationDelegate:262>>Multiple Spring Data modules found, entering strict repository configuration mode!
2022-05-02-14:54:10.118 INFO [main]-org.springframework.data.repository.config.RepositoryConfigurationDelegate:132>>Bootstrapping Spring Data Redis repositories in DEFAULT mode.
2022-05-02-14:54:10.128 INFO [main]-org.springframework.data.repository.config.RepositoryConfigurationDelegate:201>>Finished Spring Data repository scanning in 5 ms. Found 0 Redis repository interfaces.
2022-05-02-14:54:10.257 WARN [main]-org.mybatis.logging.Logger:44>>No MyBatis mapper was found in '[com.sxp]' package. Please check your configuration.
2022-05-02-14:54:12.071 INFO [main]-com.alibaba.druid.spring.boot.autoconfigure.DruidDataSourceAutoConfigure:56>>Init DruidDataSource
2022-05-02-14:54:12.219 INFO [main]-com.alibaba.druid.pool.DruidDataSource:998>>{dataSource-1} inited
2022-05-02-14:54:13.573 INFO [main]-org.redisson.Version:41>>Redisson 3.12.0
2022-05-02-14:54:14.344 INFO [redisson-netty-4-18]-org.redisson.connection.pool.ConnectionPool$1:168>>24 connections initialized for 47.113.202.125/47.113.202.125:6379
2022-05-02-14:54:14.344 INFO [redisson-netty-4-19]-org.redisson.connection.pool.ConnectionPool$1:168>>1 connections initialized for 47.113.202.125/47.113.202.125:6379
2022-05-02-14:54:15.259 INFO [main]-springfox.documentation.spring.web.PropertySourcedRequestMappingHandlerMapping:69>>Mapped URL path [/v2/api-docs] onto method [springfox.documentation.swagger2.web.Swagger2Controller#getDocumentation(String, HttpServletRequest)]
2022-05-02-14:54:15.734 INFO [main]-tk.mybatis.mapper.autoconfigure.MapperCacheDisabler:60>>Clear tk.mybatis.mapper.util.MsUtil CLASS_CACHE cache.
2022-05-02-14:54:15.743 INFO [main]-tk.mybatis.mapper.autoconfigure.MapperCacheDisabler:60>>Clear tk.mybatis.mapper.genid.GenIdUtil CACHE cache.
2022-05-02-14:54:15.743 INFO [main]-tk.mybatis.mapper.autoconfigure.MapperCacheDisabler:60>>Clear tk.mybatis.mapper.version.VersionUtil CACHE cache.
2022-05-02-14:54:15.745 INFO [main]-tk.mybatis.mapper.autoconfigure.MapperCacheDisabler:83>>Clear EntityHelper entityTableMap cache.
2022-05-02-14:54:17.308 INFO [main]-org.springframework.data.elasticsearch.support.VersionInfo:62>>Version Spring Data Elasticsearch: 4.2.1
2022-05-02-14:54:17.308 INFO [main]-org.springframework.data.elasticsearch.support.VersionInfo:63>>Version Elasticsearch Client in build: 7.12.1
2022-05-02-14:54:17.308 INFO [main]-org.springframework.data.elasticsearch.support.VersionInfo:64>>Version Elasticsearch Client used: 7.12.1
2022-05-02-14:54:18.407 INFO [main]-org.quartz.impl.StdSchedulerFactory:1220>>Using default implementation for ThreadExecutor
2022-05-02-14:54:18.423 INFO [main]-org.quartz.core.SchedulerSignalerImpl:61>>Initialized Scheduler Signaller of type: class org.quartz.core.SchedulerSignalerImpl
2022-05-02-14:54:18.423 INFO [main]-org.quartz.core.QuartzScheduler:229>>Quartz Scheduler v.2.3.2 created.
2022-05-02-14:54:18.423 INFO [main]-org.quartz.simpl.RAMJobStore:155>>RAMJobStore initialized.
2022-05-02-14:54:18.423 INFO [main]-org.quartz.core.QuartzScheduler:294>>Scheduler meta-data: Quartz Scheduler (v2.3.2) 'quartzScheduler' with instanceId 'NON_CLUSTERED'
  Scheduler class: 'org.quartz.core.QuartzScheduler' - running locally.
  NOT STARTED.
  Currently in standby mode.
  Number of jobs executed: 0
  Using thread pool 'org.quartz.simpl.SimpleThreadPool' - with 10 threads.
  Using job-store 'org.quartz.simpl.RAMJobStore' - which does not support persistence. and is not clustered.

2022-05-02-14:54:18.423 INFO [main]-org.quartz.impl.StdSchedulerFactory:1374>>Quartz scheduler 'quartzScheduler' initialized from an externally provided properties instance.
2022-05-02-14:54:18.423 INFO [main]-org.quartz.impl.StdSchedulerFactory:1378>>Quartz scheduler version: 2.3.2
2022-05-02-14:54:18.423 INFO [main]-org.quartz.core.QuartzScheduler:2293>>JobFactory set to: org.springframework.scheduling.quartz.SpringBeanJobFactory@13809363
2022-05-02-14:54:18.487 INFO [main]-springfox.documentation.spring.web.plugins.DocumentationPluginsBootstrapper:160>>Context refreshed
2022-05-02-14:54:18.518 INFO [main]-springfox.documentation.spring.web.plugins.DocumentationPluginsBootstrapper:163>>Found 1 custom documentation plugin(s)
2022-05-02-14:54:18.550 INFO [main]-springfox.documentation.spring.web.scanners.ApiListingReferenceScanner:41>>Scanning for api listing references
2022-05-02-14:54:18.725 INFO [main]-org.springframework.scheduling.quartz.SchedulerFactoryBean:727>>Starting Quartz Scheduler now
2022-05-02-14:54:18.725 INFO [main]-org.quartz.core.QuartzScheduler:547>>Scheduler quartzScheduler_$_NON_CLUSTERED started.
2022-05-02-14:54:18.735 INFO [main]-org.springframework.boot.StartupInfoLogger:61>>Started ApiTest in 9.87 seconds (JVM running for 11.419)
2022-05-02-14:54:20.040 INFO [SpringApplicationShutdownHook]-org.quartz.core.QuartzScheduler:585>>Scheduler quartzScheduler_$_NON_CLUSTERED paused.
2022-05-02-14:54:20.040 INFO [SpringApplicationShutdownHook]-org.springframework.scheduling.quartz.SchedulerFactoryBean:845>>Shutting down Quartz Scheduler
2022-05-02-14:54:20.040 INFO [SpringApplicationShutdownHook]-org.quartz.core.QuartzScheduler:666>>Scheduler quartzScheduler_$_NON_CLUSTERED shutting down.
2022-05-02-14:54:20.040 INFO [SpringApplicationShutdownHook]-org.quartz.core.QuartzScheduler:585>>Scheduler quartzScheduler_$_NON_CLUSTERED paused.
2022-05-02-14:54:20.056 INFO [SpringApplicationShutdownHook]-org.quartz.core.QuartzScheduler:740>>Scheduler quartzScheduler_$_NON_CLUSTERED shutdown complete.
2022-05-02-14:54:20.178 INFO [SpringApplicationShutdownHook]-com.alibaba.druid.pool.DruidDataSource:2071>>{dataSource-1} closing ...
2022-05-02-14:54:20.193 INFO [SpringApplicationShutdownHook]-com.alibaba.druid.pool.DruidDataSource:2144>>{dataSource-1} closed
2022-05-02-14:55:59.121 INFO [main]-org.springframework.boot.StartupInfoLogger:55>>Starting ApiTest using Java 1.8.0_302 on DESKTOP-QBTMJA4 with PID 18348 (started by 粟小蓬 in E:\AllJava\sgmall\api)
2022-05-02-14:55:59.121 INFO [main]-org.springframework.boot.SpringApplication:659>>No active profile set, falling back to default profiles: default
2022-05-02-14:55:59.919 INFO [main]-org.springframework.data.repository.config.RepositoryConfigurationDelegate:262>>Multiple Spring Data modules found, entering strict repository configuration mode!
2022-05-02-14:55:59.919 INFO [main]-org.springframework.data.repository.config.RepositoryConfigurationDelegate:132>>Bootstrapping Spring Data Elasticsearch repositories in DEFAULT mode.
2022-05-02-14:55:59.948 INFO [main]-org.springframework.data.repository.config.RepositoryConfigurationDelegate:201>>Finished Spring Data repository scanning in 21 ms. Found 0 Elasticsearch repository interfaces.
2022-05-02-14:55:59.950 INFO [main]-org.springframework.data.repository.config.RepositoryConfigurationDelegate:262>>Multiple Spring Data modules found, entering strict repository configuration mode!
2022-05-02-14:55:59.950 INFO [main]-org.springframework.data.repository.config.RepositoryConfigurationDelegate:132>>Bootstrapping Spring Data Reactive Elasticsearch repositories in DEFAULT mode.
2022-05-02-14:55:59.960 INFO [main]-org.springframework.data.repository.config.RepositoryConfigurationDelegate:201>>Finished Spring Data repository scanning in 6 ms. Found 0 Reactive Elasticsearch repository interfaces.
2022-05-02-14:55:59.970 INFO [main]-org.springframework.data.repository.config.RepositoryConfigurationDelegate:262>>Multiple Spring Data modules found, entering strict repository configuration mode!
2022-05-02-14:55:59.970 INFO [main]-org.springframework.data.repository.config.RepositoryConfigurationDelegate:132>>Bootstrapping Spring Data Redis repositories in DEFAULT mode.
2022-05-02-14:55:59.988 INFO [main]-org.springframework.data.repository.config.RepositoryConfigurationDelegate:201>>Finished Spring Data repository scanning in 6 ms. Found 0 Redis repository interfaces.
2022-05-02-14:56:00.122 WARN [main]-org.mybatis.logging.Logger:44>>No MyBatis mapper was found in '[com.sxp]' package. Please check your configuration.
2022-05-02-14:56:02.040 INFO [main]-com.alibaba.druid.spring.boot.autoconfigure.DruidDataSourceAutoConfigure:56>>Init DruidDataSource
2022-05-02-14:56:02.209 INFO [main]-com.alibaba.druid.pool.DruidDataSource:998>>{dataSource-1} inited
2022-05-02-14:56:03.579 INFO [main]-org.redisson.Version:41>>Redisson 3.12.0
2022-05-02-14:56:04.307 INFO [redisson-netty-4-11]-org.redisson.connection.pool.ConnectionPool$1:168>>1 connections initialized for 47.113.202.125/47.113.202.125:6379
2022-05-02-14:56:04.323 INFO [redisson-netty-4-19]-org.redisson.connection.pool.ConnectionPool$1:168>>24 connections initialized for 47.113.202.125/47.113.202.125:6379
2022-05-02-14:56:05.187 INFO [main]-springfox.documentation.spring.web.PropertySourcedRequestMappingHandlerMapping:69>>Mapped URL path [/v2/api-docs] onto method [springfox.documentation.swagger2.web.Swagger2Controller#getDocumentation(String, HttpServletRequest)]
2022-05-02-14:56:05.644 INFO [main]-tk.mybatis.mapper.autoconfigure.MapperCacheDisabler:60>>Clear tk.mybatis.mapper.util.MsUtil CLASS_CACHE cache.
2022-05-02-14:56:05.644 INFO [main]-tk.mybatis.mapper.autoconfigure.MapperCacheDisabler:60>>Clear tk.mybatis.mapper.genid.GenIdUtil CACHE cache.
2022-05-02-14:56:05.644 INFO [main]-tk.mybatis.mapper.autoconfigure.MapperCacheDisabler:60>>Clear tk.mybatis.mapper.version.VersionUtil CACHE cache.
2022-05-02-14:56:05.644 INFO [main]-tk.mybatis.mapper.autoconfigure.MapperCacheDisabler:83>>Clear EntityHelper entityTableMap cache.
2022-05-02-14:56:06.292 INFO [main]-org.springframework.data.elasticsearch.support.VersionInfo:62>>Version Spring Data Elasticsearch: 4.2.1
2022-05-02-14:56:06.292 INFO [main]-org.springframework.data.elasticsearch.support.VersionInfo:63>>Version Elasticsearch Client in build: 7.12.1
2022-05-02-14:56:06.292 INFO [main]-org.springframework.data.elasticsearch.support.VersionInfo:64>>Version Elasticsearch Client used: 7.12.1
2022-05-02-14:56:06.292 INFO [main]-org.springframework.data.elasticsearch.support.VersionInfo:72>>Version Elasticsearch cluster: 7.6.1
2022-05-02-14:56:06.292 WARN [main]-org.springframework.data.elasticsearch.support.VersionInfo:75>>Version mismatch in between Elasticsearch Client and Cluster: 7.12.1 - 7.6.1
2022-05-02-14:56:07.458 INFO [main]-org.quartz.impl.StdSchedulerFactory:1220>>Using default implementation for ThreadExecutor
2022-05-02-14:56:07.458 INFO [main]-org.quartz.core.SchedulerSignalerImpl:61>>Initialized Scheduler Signaller of type: class org.quartz.core.SchedulerSignalerImpl
2022-05-02-14:56:07.458 INFO [main]-org.quartz.core.QuartzScheduler:229>>Quartz Scheduler v.2.3.2 created.
2022-05-02-14:56:07.458 INFO [main]-org.quartz.simpl.RAMJobStore:155>>RAMJobStore initialized.
2022-05-02-14:56:07.458 INFO [main]-org.quartz.core.QuartzScheduler:294>>Scheduler meta-data: Quartz Scheduler (v2.3.2) 'quartzScheduler' with instanceId 'NON_CLUSTERED'
  Scheduler class: 'org.quartz.core.QuartzScheduler' - running locally.
  NOT STARTED.
  Currently in standby mode.
  Number of jobs executed: 0
  Using thread pool 'org.quartz.simpl.SimpleThreadPool' - with 10 threads.
  Using job-store 'org.quartz.simpl.RAMJobStore' - which does not support persistence. and is not clustered.

2022-05-02-14:56:07.458 INFO [main]-org.quartz.impl.StdSchedulerFactory:1374>>Quartz scheduler 'quartzScheduler' initialized from an externally provided properties instance.
2022-05-02-14:56:07.458 INFO [main]-org.quartz.impl.StdSchedulerFactory:1378>>Quartz scheduler version: 2.3.2
2022-05-02-14:56:07.458 INFO [main]-org.quartz.core.QuartzScheduler:2293>>JobFactory set to: org.springframework.scheduling.quartz.SpringBeanJobFactory@7bc8da3f
2022-05-02-14:56:07.542 INFO [main]-springfox.documentation.spring.web.plugins.DocumentationPluginsBootstrapper:160>>Context refreshed
2022-05-02-14:56:07.575 INFO [main]-springfox.documentation.spring.web.plugins.DocumentationPluginsBootstrapper:163>>Found 1 custom documentation plugin(s)
2022-05-02-14:56:07.611 INFO [main]-springfox.documentation.spring.web.scanners.ApiListingReferenceScanner:41>>Scanning for api listing references
2022-05-02-14:56:07.774 INFO [main]-org.springframework.scheduling.quartz.SchedulerFactoryBean:727>>Starting Quartz Scheduler now
2022-05-02-14:56:07.774 INFO [main]-org.quartz.core.QuartzScheduler:547>>Scheduler quartzScheduler_$_NON_CLUSTERED started.
2022-05-02-14:56:07.785 INFO [main]-org.springframework.boot.StartupInfoLogger:61>>Started ApiTest in 9.092 seconds (JVM running for 10.577)
2022-05-02-14:56:08.220 INFO [SpringApplicationShutdownHook]-org.quartz.core.QuartzScheduler:585>>Scheduler quartzScheduler_$_NON_CLUSTERED paused.
2022-05-02-14:56:08.228 INFO [SpringApplicationShutdownHook]-org.springframework.scheduling.quartz.SchedulerFactoryBean:845>>Shutting down Quartz Scheduler
2022-05-02-14:56:08.228 INFO [SpringApplicationShutdownHook]-org.quartz.core.QuartzScheduler:666>>Scheduler quartzScheduler_$_NON_CLUSTERED shutting down.
2022-05-02-14:56:08.228 INFO [SpringApplicationShutdownHook]-org.quartz.core.QuartzScheduler:585>>Scheduler quartzScheduler_$_NON_CLUSTERED paused.
2022-05-02-14:56:08.228 INFO [SpringApplicationShutdownHook]-org.quartz.core.QuartzScheduler:740>>Scheduler quartzScheduler_$_NON_CLUSTERED shutdown complete.
2022-05-02-14:56:08.374 INFO [SpringApplicationShutdownHook]-com.alibaba.druid.pool.DruidDataSource:2071>>{dataSource-1} closing ...
2022-05-02-14:56:08.374 INFO [SpringApplicationShutdownHook]-com.alibaba.druid.pool.DruidDataSource:2144>>{dataSource-1} closed
2022-05-02-14:56:36.876 INFO [main]-org.springframework.boot.StartupInfoLogger:55>>Starting ApiTest using Java 1.8.0_302 on DESKTOP-QBTMJA4 with PID 21536 (started by 粟小蓬 in E:\AllJava\sgmall\api)
2022-05-02-14:56:36.876 INFO [main]-org.springframework.boot.SpringApplication:659>>No active profile set, falling back to default profiles: default
2022-05-02-14:56:37.795 INFO [main]-org.springframework.data.repository.config.RepositoryConfigurationDelegate:262>>Multiple Spring Data modules found, entering strict repository configuration mode!
2022-05-02-14:56:37.795 INFO [main]-org.springframework.data.repository.config.RepositoryConfigurationDelegate:132>>Bootstrapping Spring Data Elasticsearch repositories in DEFAULT mode.
2022-05-02-14:56:37.824 INFO [main]-org.springframework.data.repository.config.RepositoryConfigurationDelegate:201>>Finished Spring Data repository scanning in 21 ms. Found 0 Elasticsearch repository interfaces.
2022-05-02-14:56:37.826 INFO [main]-org.springframework.data.repository.config.RepositoryConfigurationDelegate:262>>Multiple Spring Data modules found, entering strict repository configuration mode!
2022-05-02-14:56:37.826 INFO [main]-org.springframework.data.repository.config.RepositoryConfigurationDelegate:132>>Bootstrapping Spring Data Reactive Elasticsearch repositories in DEFAULT mode.
2022-05-02-14:56:37.834 INFO [main]-org.springframework.data.repository.config.RepositoryConfigurationDelegate:201>>Finished Spring Data repository scanning in 5 ms. Found 0 Reactive Elasticsearch repository interfaces.
2022-05-02-14:56:37.846 INFO [main]-org.springframework.data.repository.config.RepositoryConfigurationDelegate:262>>Multiple Spring Data modules found, entering strict repository configuration mode!
2022-05-02-14:56:37.846 INFO [main]-org.springframework.data.repository.config.RepositoryConfigurationDelegate:132>>Bootstrapping Spring Data Redis repositories in DEFAULT mode.
2022-05-02-14:56:37.856 INFO [main]-org.springframework.data.repository.config.RepositoryConfigurationDelegate:201>>Finished Spring Data repository scanning in 5 ms. Found 0 Redis repository interfaces.
2022-05-02-14:56:37.965 WARN [main]-org.mybatis.logging.Logger:44>>No MyBatis mapper was found in '[com.sxp]' package. Please check your configuration.
2022-05-02-14:56:39.879 INFO [main]-com.alibaba.druid.spring.boot.autoconfigure.DruidDataSourceAutoConfigure:56>>Init DruidDataSource
2022-05-02-14:56:40.045 INFO [main]-com.alibaba.druid.pool.DruidDataSource:998>>{dataSource-1} inited
2022-05-02-14:56:41.510 INFO [main]-org.redisson.Version:41>>Redisson 3.12.0
2022-05-02-14:56:42.282 INFO [redisson-netty-4-12]-org.redisson.connection.pool.ConnectionPool$1:168>>1 connections initialized for 47.113.202.125/47.113.202.125:6379
2022-05-02-14:56:42.313 INFO [redisson-netty-4-19]-org.redisson.connection.pool.ConnectionPool$1:168>>24 connections initialized for 47.113.202.125/47.113.202.125:6379
2022-05-02-14:56:43.049 INFO [main]-springfox.documentation.spring.web.PropertySourcedRequestMappingHandlerMapping:69>>Mapped URL path [/v2/api-docs] onto method [springfox.documentation.swagger2.web.Swagger2Controller#getDocumentation(String, HttpServletRequest)]
2022-05-02-14:56:43.636 INFO [main]-tk.mybatis.mapper.autoconfigure.MapperCacheDisabler:60>>Clear tk.mybatis.mapper.util.MsUtil CLASS_CACHE cache.
2022-05-02-14:56:43.636 INFO [main]-tk.mybatis.mapper.autoconfigure.MapperCacheDisabler:60>>Clear tk.mybatis.mapper.genid.GenIdUtil CACHE cache.
2022-05-02-14:56:43.636 INFO [main]-tk.mybatis.mapper.autoconfigure.MapperCacheDisabler:60>>Clear tk.mybatis.mapper.version.VersionUtil CACHE cache.
2022-05-02-14:56:43.645 INFO [main]-tk.mybatis.mapper.autoconfigure.MapperCacheDisabler:83>>Clear EntityHelper entityTableMap cache.
2022-05-02-14:56:44.274 INFO [main]-org.springframework.data.elasticsearch.support.VersionInfo:62>>Version Spring Data Elasticsearch: 4.2.1
2022-05-02-14:56:44.274 INFO [main]-org.springframework.data.elasticsearch.support.VersionInfo:63>>Version Elasticsearch Client in build: 7.12.1
2022-05-02-14:56:44.282 INFO [main]-org.springframework.data.elasticsearch.support.VersionInfo:64>>Version Elasticsearch Client used: 7.12.1
2022-05-02-14:56:44.282 INFO [main]-org.springframework.data.elasticsearch.support.VersionInfo:72>>Version Elasticsearch cluster: 7.6.1
2022-05-02-14:56:44.282 WARN [main]-org.springframework.data.elasticsearch.support.VersionInfo:75>>Version mismatch in between Elasticsearch Client and Cluster: 7.12.1 - 7.6.1
2022-05-02-14:56:45.431 INFO [main]-org.quartz.impl.StdSchedulerFactory:1220>>Using default implementation for ThreadExecutor
2022-05-02-14:56:45.447 INFO [main]-org.quartz.core.SchedulerSignalerImpl:61>>Initialized Scheduler Signaller of type: class org.quartz.core.SchedulerSignalerImpl
2022-05-02-14:56:45.447 INFO [main]-org.quartz.core.QuartzScheduler:229>>Quartz Scheduler v.2.3.2 created.
2022-05-02-14:56:45.447 INFO [main]-org.quartz.simpl.RAMJobStore:155>>RAMJobStore initialized.
2022-05-02-14:56:45.447 INFO [main]-org.quartz.core.QuartzScheduler:294>>Scheduler meta-data: Quartz Scheduler (v2.3.2) 'quartzScheduler' with instanceId 'NON_CLUSTERED'
  Scheduler class: 'org.quartz.core.QuartzScheduler' - running locally.
  NOT STARTED.
  Currently in standby mode.
  Number of jobs executed: 0
  Using thread pool 'org.quartz.simpl.SimpleThreadPool' - with 10 threads.
  Using job-store 'org.quartz.simpl.RAMJobStore' - which does not support persistence. and is not clustered.

2022-05-02-14:56:45.447 INFO [main]-org.quartz.impl.StdSchedulerFactory:1374>>Quartz scheduler 'quartzScheduler' initialized from an externally provided properties instance.
2022-05-02-14:56:45.447 INFO [main]-org.quartz.impl.StdSchedulerFactory:1378>>Quartz scheduler version: 2.3.2
2022-05-02-14:56:45.447 INFO [main]-org.quartz.core.QuartzScheduler:2293>>JobFactory set to: org.springframework.scheduling.quartz.SpringBeanJobFactory@2e030cc1
2022-05-02-14:56:45.516 INFO [main]-springfox.documentation.spring.web.plugins.DocumentationPluginsBootstrapper:160>>Context refreshed
2022-05-02-14:56:45.547 INFO [main]-springfox.documentation.spring.web.plugins.DocumentationPluginsBootstrapper:163>>Found 1 custom documentation plugin(s)
2022-05-02-14:56:45.578 INFO [main]-springfox.documentation.spring.web.scanners.ApiListingReferenceScanner:41>>Scanning for api listing references
2022-05-02-14:56:45.750 INFO [main]-org.springframework.scheduling.quartz.SchedulerFactoryBean:727>>Starting Quartz Scheduler now
2022-05-02-14:56:45.750 INFO [main]-org.quartz.core.QuartzScheduler:547>>Scheduler quartzScheduler_$_NON_CLUSTERED started.
2022-05-02-14:56:45.763 INFO [main]-org.springframework.boot.StartupInfoLogger:61>>Started ApiTest in 9.321 seconds (JVM running for 10.13)
2022-05-02-14:56:46.188 INFO [SpringApplicationShutdownHook]-org.quartz.core.QuartzScheduler:585>>Scheduler quartzScheduler_$_NON_CLUSTERED paused.
2022-05-02-14:56:46.188 INFO [SpringApplicationShutdownHook]-org.springframework.scheduling.quartz.SchedulerFactoryBean:845>>Shutting down Quartz Scheduler
2022-05-02-14:56:46.188 INFO [SpringApplicationShutdownHook]-org.quartz.core.QuartzScheduler:666>>Scheduler quartzScheduler_$_NON_CLUSTERED shutting down.
2022-05-02-14:56:46.188 INFO [SpringApplicationShutdownHook]-org.quartz.core.QuartzScheduler:585>>Scheduler quartzScheduler_$_NON_CLUSTERED paused.
2022-05-02-14:56:46.188 INFO [SpringApplicationShutdownHook]-org.quartz.core.QuartzScheduler:740>>Scheduler quartzScheduler_$_NON_CLUSTERED shutdown complete.
2022-05-02-14:56:46.311 INFO [SpringApplicationShutdownHook]-com.alibaba.druid.pool.DruidDataSource:2071>>{dataSource-1} closing ...
2022-05-02-14:56:46.319 INFO [SpringApplicationShutdownHook]-com.alibaba.druid.pool.DruidDataSource:2144>>{dataSource-1} closed
